{
  "stats": {
    "suites": 1,
    "tests": 2,
    "passes": 1,
    "pending": 1,
    "failures": 0,
    "start": "2021-12-28T20:01:44.197Z",
    "end": "2021-12-28T20:01:55.046Z",
    "duration": 10849,
    "testsRegistered": 2,
    "passPercent": 100,
    "pendingPercent": 50,
    "other": 0,
    "hasOther": false,
    "skipped": 0,
    "hasSkipped": false
  },
  "results": [
    {
      "uuid": "a1c5ee22-adf3-43ae-9a73-d90ccc9ca9fc",
      "title": "",
      "fullFile": "cypress/integration/test.specs.js",
      "file": "cypress/integration/test.specs.js",
      "beforeHooks": [],
      "afterHooks": [],
      "tests": [],
      "suites": [
        {
          "uuid": "db60520f-6173-4197-9458-1febe74fa855",
          "title": "Test Login Funtionality",
          "fullFile": "",
          "file": "",
          "beforeHooks": [],
          "afterHooks": [],
          "tests": [
            {
              "title": "should login to the website",
              "fullTitle": "Test Login Funtionality should login to the website",
              "timedOut": null,
              "duration": 9601,
              "state": "passed",
              "speed": "medium",
              "pass": true,
              "fail": false,
              "pending": false,
              "context": null,
              "code": "",
              "err": {},
              "uuid": "e319c83b-811d-45cb-981c-8b211560c445",
              "parentUUID": "db60520f-6173-4197-9458-1febe74fa855",
              "isHook": false,
              "skipped": false
            },
            {
              "title": "should not login to the website",
              "fullTitle": "Test Login Funtionality should not login to the website",
              "timedOut": null,
              "duration": 0,
              "state": "pending",
              "speed": null,
              "pass": false,
              "fail": false,
              "pending": true,
              "context": null,
              "code": "",
              "err": {},
              "uuid": "989a5d07-1699-4907-96b5-5be2e1da3da6",
              "parentUUID": "db60520f-6173-4197-9458-1febe74fa855",
              "isHook": false,
              "skipped": false
            }
          ],
          "suites": [],
          "passes": [
            "e319c83b-811d-45cb-981c-8b211560c445"
          ],
          "failures": [],
          "pending": [
            "989a5d07-1699-4907-96b5-5be2e1da3da6"
          ],
          "skipped": [],
          "duration": 9601,
          "root": false,
          "rootEmpty": false,
          "_timeout": 2000
        }
      ],
      "passes": [],
      "failures": [],
      "pending": [],
      "skipped": [],
      "duration": 0,
      "root": true,
      "rootEmpty": true,
      "_timeout": 2000
    }
  ],
  "meta": {
    "mocha": {
      "version": "7.0.1"
    },
    "mochawesome": {
      "options": {
        "quiet": false,
        "reportFilename": "Practice-Report",
        "saveHtml": true,
        "saveJson": true,
        "consoleReporter": "spec",
        "useInlineDiffs": false,
        "code": false
      },
      "version": "7.0.1"
    },
    "marge": {
      "options": {
        "code": false,
        "overwrite": false,
        "reportFilename": "Practice-Report",
        "autoOpen": true
      },
      "version": "6.0.1"
    }
  }
}