{
  "stats": {
    "suites": 1,
    "tests": 2,
    "passes": 1,
    "pending": 1,
    "failures": 0,
    "start": "2021-12-28T20:00:30.662Z",
    "end": "2021-12-28T20:00:41.506Z",
    "duration": 10844,
    "testsRegistered": 2,
    "passPercent": 100,
    "pendingPercent": 50,
    "other": 0,
    "hasOther": false,
    "skipped": 0,
    "hasSkipped": false
  },
  "results": [
    {
      "uuid": "15ba85b3-b1b3-4074-8ebe-8cf968f42e0e",
      "title": "",
      "fullFile": "cypress/integration/test.specs.js",
      "file": "cypress/integration/test.specs.js",
      "beforeHooks": [],
      "afterHooks": [],
      "tests": [],
      "suites": [
        {
          "uuid": "8729df19-b81a-4cfe-b868-ea6ab199ec68",
          "title": "Test Login Funtionality",
          "fullFile": "",
          "file": "",
          "beforeHooks": [],
          "afterHooks": [],
          "tests": [
            {
              "title": "should login to the website",
              "fullTitle": "Test Login Funtionality should login to the website",
              "timedOut": null,
              "duration": 9566,
              "state": "passed",
              "speed": "medium",
              "pass": true,
              "fail": false,
              "pending": false,
              "context": null,
              "code": "",
              "err": {},
              "uuid": "4a7151b5-abf9-4f69-a956-7350aa380f4b",
              "parentUUID": "8729df19-b81a-4cfe-b868-ea6ab199ec68",
              "isHook": false,
              "skipped": false
            },
            {
              "title": "should not login to the website",
              "fullTitle": "Test Login Funtionality should not login to the website",
              "timedOut": null,
              "duration": 0,
              "state": "pending",
              "speed": null,
              "pass": false,
              "fail": false,
              "pending": true,
              "context": null,
              "code": "",
              "err": {},
              "uuid": "2d1acc1f-d7c3-48de-b8ba-67ef17a19dbd",
              "parentUUID": "8729df19-b81a-4cfe-b868-ea6ab199ec68",
              "isHook": false,
              "skipped": false
            }
          ],
          "suites": [],
          "passes": [
            "4a7151b5-abf9-4f69-a956-7350aa380f4b"
          ],
          "failures": [],
          "pending": [
            "2d1acc1f-d7c3-48de-b8ba-67ef17a19dbd"
          ],
          "skipped": [],
          "duration": 9566,
          "root": false,
          "rootEmpty": false,
          "_timeout": 2000
        }
      ],
      "passes": [],
      "failures": [],
      "pending": [],
      "skipped": [],
      "duration": 0,
      "root": true,
      "rootEmpty": true,
      "_timeout": 2000
    }
  ],
  "meta": {
    "mocha": {
      "version": "7.0.1"
    },
    "mochawesome": {
      "options": {
        "quiet": false,
        "reportFilename": "Practice-Report",
        "saveHtml": true,
        "saveJson": true,
        "consoleReporter": "spec",
        "useInlineDiffs": false,
        "code": false
      },
      "version": "7.0.1"
    },
    "marge": {
      "options": {
        "code": false,
        "overwrite": false,
        "reportFilename": "Practice-Report"
      },
      "version": "6.0.1"
    }
  }
}