{
  "stats": {
    "suites": 1,
    "tests": 2,
    "passes": 1,
    "pending": 1,
    "failures": 0,
    "start": "2021-12-28T20:02:50.725Z",
    "end": "2021-12-28T20:03:01.493Z",
    "duration": 10768,
    "testsRegistered": 2,
    "passPercent": 100,
    "pendingPercent": 50,
    "other": 0,
    "hasOther": false,
    "skipped": 0,
    "hasSkipped": false
  },
  "results": [
    {
      "uuid": "a45c4cac-894e-4703-8c56-e776ed74e7dc",
      "title": "",
      "fullFile": "cypress/integration/test.specs.js",
      "file": "cypress/integration/test.specs.js",
      "beforeHooks": [],
      "afterHooks": [],
      "tests": [],
      "suites": [
        {
          "uuid": "6057e8ce-2fe5-48df-b588-d58e65da9b0d",
          "title": "Test Login Funtionality",
          "fullFile": "",
          "file": "",
          "beforeHooks": [],
          "afterHooks": [],
          "tests": [
            {
              "title": "should login to the website",
              "fullTitle": "Test Login Funtionality should login to the website",
              "timedOut": null,
              "duration": 9512,
              "state": "passed",
              "speed": "medium",
              "pass": true,
              "fail": false,
              "pending": false,
              "context": null,
              "code": "",
              "err": {},
              "uuid": "4a2ee886-c74c-4e26-af1a-f50ed7a2736f",
              "parentUUID": "6057e8ce-2fe5-48df-b588-d58e65da9b0d",
              "isHook": false,
              "skipped": false
            },
            {
              "title": "should not login to the website",
              "fullTitle": "Test Login Funtionality should not login to the website",
              "timedOut": null,
              "duration": 0,
              "state": "pending",
              "speed": null,
              "pass": false,
              "fail": false,
              "pending": true,
              "context": null,
              "code": "",
              "err": {},
              "uuid": "9f5b1dd5-5b30-4267-9bff-a0a03f7e8297",
              "parentUUID": "6057e8ce-2fe5-48df-b588-d58e65da9b0d",
              "isHook": false,
              "skipped": false
            }
          ],
          "suites": [],
          "passes": [
            "4a2ee886-c74c-4e26-af1a-f50ed7a2736f"
          ],
          "failures": [],
          "pending": [
            "9f5b1dd5-5b30-4267-9bff-a0a03f7e8297"
          ],
          "skipped": [],
          "duration": 9512,
          "root": false,
          "rootEmpty": false,
          "_timeout": 2000
        }
      ],
      "passes": [],
      "failures": [],
      "pending": [],
      "skipped": [],
      "duration": 0,
      "root": true,
      "rootEmpty": true,
      "_timeout": 2000
    }
  ],
  "meta": {
    "mocha": {
      "version": "7.0.1"
    },
    "mochawesome": {
      "options": {
        "quiet": false,
        "reportFilename": "Practice-Report",
        "saveHtml": true,
        "saveJson": true,
        "consoleReporter": "spec",
        "useInlineDiffs": false,
        "code": false
      },
      "version": "7.0.1"
    },
    "marge": {
      "options": {
        "code": false,
        "overwrite": false,
        "reportFilename": "Practice-Report",
        "autoOpen": true,
        "cahrts": true
      },
      "version": "6.0.1"
    }
  }
}